<?xml version="1.0" encoding="UTF-8"?>
<testng-results skipped="0" failed="0" total="1" passed="1">
  <reporter-output>
  </reporter-output>
  <suite name="Default suite" duration-ms="23427" started-at="2018-08-30T18:13:12Z" finished-at="2018-08-30T18:13:35Z">
    <groups>
    </groups>
    <test name="Default test" duration-ms="23427" started-at="2018-08-30T18:13:12Z" finished-at="2018-08-30T18:13:35Z">
      <class name="TestCases.AppTest">
        <test-method status="PASS" signature="setup()[pri:0, instance:TestCases.AppTest@14acaea5]" name="setup" is-config="true" duration-ms="6212" started-at="2018-08-30T23:43:12Z" finished-at="2018-08-30T23:43:18Z">
          <reporter-output>
          </reporter-output>
        </test-method> <!-- setup -->
        <test-method status="PASS" signature="runTest()[pri:0, instance:TestCases.AppTest@14acaea5]" name="runTest" duration-ms="17188" started-at="2018-08-30T23:43:18Z" finished-at="2018-08-30T23:43:35Z">
          <reporter-output>
          </reporter-output>
        </test-method> <!-- runTest -->
      </class> <!-- TestCases.AppTest -->
    </test> <!-- Default test -->
  </suite> <!-- Default suite -->
</testng-results>
