<?xml version="1.0" encoding="UTF-8"?>
<testng-results skipped="0" failed="0" total="1" passed="1">
  <reporter-output>
  </reporter-output>
  <suite name="Default suite" duration-ms="34121" started-at="2018-09-01T06:00:27Z" finished-at="2018-09-01T06:01:01Z">
    <groups>
    </groups>
    <test name="Default test" duration-ms="34121" started-at="2018-09-01T06:00:27Z" finished-at="2018-09-01T06:01:01Z">
      <class name="TestCases.AppTest">
        <test-method status="PASS" signature="setup()[pri:0, instance:TestCases.AppTest@29ca901e]" name="setup" is-config="true" duration-ms="6271" started-at="2018-09-01T11:30:27Z" finished-at="2018-09-01T11:30:33Z">
          <reporter-output>
          </reporter-output>
        </test-method> <!-- setup -->
        <test-method status="PASS" signature="runTest()[pri:0, instance:TestCases.AppTest@29ca901e]" name="runTest" duration-ms="27824" started-at="2018-09-01T11:30:33Z" finished-at="2018-09-01T11:31:01Z">
          <reporter-output>
          </reporter-output>
        </test-method> <!-- runTest -->
      </class> <!-- TestCases.AppTest -->
    </test> <!-- Default test -->
  </suite> <!-- Default suite -->
</testng-results>
